Starting tests with key ending in ...MmZs
Testing gemini-3-flash-preview...
SUCCESS: gemini-3-flash-preview works. Response: Hello! How can I help you today?
Testing gemini-2.0-flash-exp...
FAILED: gemini-2.0-flash-exp. Error: [GoogleGenerativeAI Error]: Error fetching from https://generativelanguage.googleapis.com/v1beta/models/gemini-2.0-flash-exp:generateContent: [404 Not Found] models/gemini-2.0-flash-exp is not found for API version v1beta, or is not supported for generateContent. Call ListModels to see the list of available models and their supported methods.
Testing gemini-1.5-flash...
FAILED: gemini-1.5-flash. Error: [GoogleGenerativeAI Error]: Error fetching from https://generativelanguage.googleapis.com/v1beta/models/gemini-1.5-flash:generateContent: [404 Not Found] models/gemini-1.5-flash is not found for API version v1beta, or is not supported for generateContent. Call ListModels to see the list of available models and their supported methods.
